# JRE version: OpenJDK Runtime Environment (17.0.7) (build 17.0.7+0-b2043.56-10550314)
# Java VM: OpenJDK 64-Bit Server VM (17.0.7+0-b2043.56-10550314, mixed mode, tiered, compressed oops, compressed class ptrs, g1 gc, windows-amd64)
GC Precious Log:
 CPUs: 8 total, 8 available
 Memory: 7991M
 Large Page Support: Disabled
 NUMA Support: Disabled
 Compressed Oops: Enabled (32-bit)
 Heap Region Size: 1M
 Heap Min Capacity: 8M
 Heap Initial Capacity: 126M
 Heap Max Capacity: 2G
 Pre-touch: Disabled
 Parallel Workers: 8
 Concurrent Workers: 2
 Concurrent Refinement Workers: 8
 Periodic GC: Disabled
Heap:
 garbage-first heap   total 144384K, used 114860K [0x0000000080000000, 0x0000000100000000)
  region size 1024K, 41 young (41984K), 3 survivors (3072K)
 Metaspace       used 84192K, committed 84864K, reserved 1179648K
  class space    used 11613K, committed 11904K, reserved 1048576K
GC Heap History (20 events):
Event: 11.939 GC heap before
{Heap before GC invocations=18 (full 0):
 garbage-first heap   total 98304K, used 77130K [0x0000000080000000, 0x0000000100000000)
  region size 1024K, 26 young (26624K), 2 survivors (2048K)
 Metaspace       used 59182K, committed 59648K, reserved 1114112K
  class space    used 7856K, committed 8064K, reserved 1048576K
}
Event: 11.941 GC heap after
{Heap after GC invocations=19 (full 0):
 garbage-first heap   total 98304K, used 54061K [0x0000000080000000, 0x0000000100000000)
  region size 1024K, 2 young (2048K), 2 survivors (2048K)
 Metaspace       used 59182K, committed 59648K, reserved 1114112K
  class space    used 7856K, committed 8064K, reserved 1048576K
}
Event: 12.295 GC heap before
{Heap before GC invocations=20 (full 0):
 garbage-first heap   total 98304K, used 79661K [0x0000000080000000, 0x0000000100000000)
  region size 1024K, 27 young (27648K), 2 survivors (2048K)
 Metaspace       used 62642K, committed 63168K, reserved 1114112K
  class space    used 8356K, committed 8576K, reserved 1048576K
}
Event: 12.297 GC heap after
{Heap after GC invocations=21 (full 0):
 garbage-first heap   total 98304K, used 55409K [0x0000000080000000, 0x0000000100000000)
  region size 1024K, 4 young (4096K), 4 survivors (4096K)
 Metaspace       used 62642K, committed 63168K, reserved 1114112K
  class space    used 8356K, committed 8576K, reserved 1048576K
}
Event: 12.425 GC heap before
{Heap before GC invocations=21 (full 0):
 garbage-first heap   total 98304K, used 63601K [0x0000000080000000, 0x0000000100000000)
  region size 1024K, 13 young (13312K), 4 survivors (4096K)
 Metaspace       used 64312K, committed 64896K, reserved 1114112K
  class space    used 8552K, committed 8832K, reserved 1048576K
}
Event: 12.429 GC heap after
{Heap after GC invocations=22 (full 0):
 garbage-first heap   total 98304K, used 56681K [0x0000000080000000, 0x0000000100000000)
  region size 1024K, 4 young (4096K), 4 survivors (4096K)
 Metaspace       used 64312K, committed 64896K, reserved 1114112K
  class space    used 8552K, committed 8832K, reserved 1048576K
}
Event: 12.600 GC heap before
{Heap before GC invocations=23 (full 0):
 garbage-first heap   total 119808K, used 84329K [0x0000000080000000, 0x0000000100000000)
  region size 1024K, 26 young (26624K), 4 survivors (4096K)
 Metaspace       used 65176K, committed 65792K, reserved 1114112K
  class space    used 8680K, committed 8960K, reserved 1048576K
}
Event: 12.605 GC heap after
{Heap after GC invocations=24 (full 0):
 garbage-first heap   total 119808K, used 59124K [0x0000000080000000, 0x0000000100000000)
  region size 1024K, 4 young (4096K), 4 survivors (4096K)
 Metaspace       used 65176K, committed 65792K, reserved 1114112K
  class space    used 8680K, committed 8960K, reserved 1048576K
}
Event: 12.888 GC heap before
{Heap before GC invocations=24 (full 0):
 garbage-first heap   total 119808K, used 91892K [0x0000000080000000, 0x0000000100000000)
  region size 1024K, 36 young (36864K), 4 survivors (4096K)
 Metaspace       used 67730K, committed 68288K, reserved 1114112K
  class space    used 9019K, committed 9280K, reserved 1048576K
}
Event: 12.892 GC heap after
{Heap after GC invocations=25 (full 0):
 garbage-first heap   total 119808K, used 61257K [0x0000000080000000, 0x0000000100000000)
  region size 1024K, 3 young (3072K), 3 survivors (3072K)
 Metaspace       used 67730K, committed 68288K, reserved 1114112K
  class space    used 9019K, committed 9280K, reserved 1048576K
}
Event: 13.153 GC heap before
{Heap before GC invocations=26 (full 0):
 garbage-first heap   total 119808K, used 93001K [0x0000000080000000, 0x0000000100000000)
  region size 1024K, 34 young (34816K), 3 survivors (3072K)
 Metaspace       used 68933K, committed 69504K, reserved 1114112K
  class space    used 9201K, committed 9472K, reserved 1048576K
}
Event: 13.157 GC heap after
{Heap after GC invocations=27 (full 0):
 garbage-first heap   total 144384K, used 63754K [0x0000000080000000, 0x0000000100000000)
  region size 1024K, 5 young (5120K), 5 survivors (5120K)
 Metaspace       used 68933K, committed 69504K, reserved 1114112K
  class space    used 9201K, committed 9472K, reserved 1048576K
}
Event: 13.450 GC heap before
{Heap before GC invocations=27 (full 0):
 garbage-first heap   total 144384K, used 109834K [0x0000000080000000, 0x0000000100000000)
  region size 1024K, 50 young (51200K), 5 survivors (5120K)
 Metaspace       used 69999K, committed 70592K, reserved 1114112K
  class space    used 9341K, committed 9600K, reserved 1048576K
}
Event: 13.456 GC heap after
{Heap after GC invocations=28 (full 0):
 garbage-first heap   total 144384K, used 67768K [0x0000000080000000, 0x0000000100000000)
  region size 1024K, 7 young (7168K), 7 survivors (7168K)
 Metaspace       used 69999K, committed 70592K, reserved 1114112K
  class space    used 9341K, committed 9600K, reserved 1048576K
}
Event: 13.885 GC heap before
{Heap before GC invocations=28 (full 0):
 garbage-first heap   total 144384K, used 112824K [0x0000000080000000, 0x0000000100000000)
  region size 1024K, 50 young (51200K), 7 survivors (7168K)
 Metaspace       used 73295K, committed 73856K, reserved 1114112K
  class space    used 9905K, committed 10176K, reserved 1048576K
}
Event: 13.889 GC heap after
{Heap after GC invocations=29 (full 0):
 garbage-first heap   total 144384K, used 69705K [0x0000000080000000, 0x0000000100000000)
  region size 1024K, 2 young (2048K), 2 survivors (2048K)
 Metaspace       used 73295K, committed 73856K, reserved 1114112K
  class space    used 9905K, committed 10176K, reserved 1048576K
}
Event: 14.470 GC heap before
{Heap before GC invocations=29 (full 0):
 garbage-first heap   total 144384K, used 113737K [0x0000000080000000, 0x0000000100000000)
  region size 1024K, 45 young (46080K), 2 survivors (2048K)
 Metaspace       used 76582K, committed 77184K, reserved 1179648K
  class space    used 10473K, committed 10752K, reserved 1048576K
}
Event: 14.474 GC heap after
{Heap after GC invocations=30 (full 0):
 garbage-first heap   total 144384K, used 71156K [0x0000000080000000, 0x0000000100000000)
  region size 1024K, 4 young (4096K), 4 survivors (4096K)
 Metaspace       used 76582K, committed 77184K, reserved 1179648K
  class space    used 10473K, committed 10752K, reserved 1048576K
}
Event: 14.960 GC heap before
{Heap before GC invocations=31 (full 0):
 garbage-first heap   total 144384K, used 115188K [0x0000000080000000, 0x0000000100000000)
  region size 1024K, 47 young (48128K), 4 survivors (4096K)
 Metaspace       used 77613K, committed 78208K, reserved 1179648K
  class space    used 10642K, committed 10880K, reserved 1048576K
}
Event: 14.977 GC heap after
{Heap after GC invocations=32 (full 0):
 garbage-first heap   total 144384K, used 74778K [0x0000000080000000, 0x0000000100000000)
  region size 1024K, 6 young (6144K), 6 survivors (6144K)
 Metaspace       used 77613K, committed 78208K, reserved 1179648K
  class space    used 10642K, committed 10880K, reserved 1048576K
}

